<?xml version="1.0" encoding="UTF-8"?>
<testng-results skipped="0" failed="0" total="1" passed="1">
  <reporter-output>
  </reporter-output>
  <suite name="Default suite" duration-ms="1165" started-at="2016-08-16T06:54:45Z" finished-at="2016-08-16T06:54:46Z">
    <groups>
    </groups>
    <test name="Default test" duration-ms="1165" started-at="2016-08-16T06:54:45Z" finished-at="2016-08-16T06:54:46Z">
      <class name="pu.hui.httpTest.TestSuiteByExcel">
        <test-method status="PASS" signature="setUp()[pri:0, instance:pu.hui.httpTest.TestSuiteByExcel@5e82df6a]" name="setUp" is-config="true" duration-ms="7" started-at="2016-08-16T14:54:45Z" finished-at="2016-08-16T14:54:45Z">
          <reporter-output>
          </reporter-output>
        </test-method> <!-- setUp -->
        <test-method status="PASS" signature="testTestSuite()[pri:0, instance:pu.hui.httpTest.TestSuiteByExcel@5e82df6a]" name="testTestSuite" duration-ms="1154" started-at="2016-08-16T14:54:45Z" finished-at="2016-08-16T14:54:46Z">
          <reporter-output>
          </reporter-output>
        </test-method> <!-- testTestSuite -->
      </class> <!-- pu.hui.httpTest.TestSuiteByExcel -->
    </test> <!-- Default test -->
  </suite> <!-- Default suite -->
</testng-results>
